[1.062s] Invoking command in '/home/elisa/m8p3/src/chatbot': PYTHONPATH=/home/elisa/m8p3/build/chatbot/prefix_override:/home/elisa/m8p3/install/chatbot/lib/python3.10/site-packages:${PYTHONPATH} /usr/bin/python3 setup.py egg_info --egg-base ../../build/chatbot build --build-base /home/elisa/m8p3/build/chatbot/build install --record /home/elisa/m8p3/build/chatbot/install.log --single-version-externally-managed
[1.358s] running egg_info
[1.359s] writing ../../build/chatbot/chatbot.egg-info/PKG-INFO
[1.360s] writing dependency_links to ../../build/chatbot/chatbot.egg-info/dependency_links.txt
[1.360s] writing entry points to ../../build/chatbot/chatbot.egg-info/entry_points.txt
[1.360s] writing requirements to ../../build/chatbot/chatbot.egg-info/requires.txt
[1.360s] writing top-level names to ../../build/chatbot/chatbot.egg-info/top_level.txt
[1.363s] reading manifest file '../../build/chatbot/chatbot.egg-info/SOURCES.txt'
[1.364s] writing manifest file '../../build/chatbot/chatbot.egg-info/SOURCES.txt'
[1.364s] running build
[1.364s] running build_py
[1.364s] copying chatbot/chatbot.py -> /home/elisa/m8p3/build/chatbot/build/lib/chatbot
[1.364s] running install
[1.364s] /usr/lib/python3/dist-packages/setuptools/command/install.py:34: SetuptoolsDeprecationWarning: setup.py install is deprecated. Use build and pip and other standards-based tools.
[1.365s]   warnings.warn(
[1.365s] running install_lib
[1.366s] copying /home/elisa/m8p3/build/chatbot/build/lib/chatbot/chatbot.py -> /home/elisa/m8p3/install/chatbot/lib/python3.10/site-packages/chatbot
[1.367s] byte-compiling /home/elisa/m8p3/install/chatbot/lib/python3.10/site-packages/chatbot/chatbot.py to chatbot.cpython-310.pyc
[1.369s] running install_data
[1.371s] running install_egg_info
[1.376s] removing '/home/elisa/m8p3/install/chatbot/lib/python3.10/site-packages/chatbot-0.0.0-py3.10.egg-info' (and everything under it)
[1.377s] Copying ../../build/chatbot/chatbot.egg-info to /home/elisa/m8p3/install/chatbot/lib/python3.10/site-packages/chatbot-0.0.0-py3.10.egg-info
[1.378s] running install_scripts
[1.408s] Installing chatbot script to /home/elisa/m8p3/install/chatbot/lib/chatbot
[1.409s] writing list of installed files to '/home/elisa/m8p3/build/chatbot/install.log'
[1.461s] Invoked command in '/home/elisa/m8p3/src/chatbot' returned '0': PYTHONPATH=/home/elisa/m8p3/build/chatbot/prefix_override:/home/elisa/m8p3/install/chatbot/lib/python3.10/site-packages:${PYTHONPATH} /usr/bin/python3 setup.py egg_info --egg-base ../../build/chatbot build --build-base /home/elisa/m8p3/build/chatbot/build install --record /home/elisa/m8p3/build/chatbot/install.log --single-version-externally-managed
