[0.666s] Invoking command in '/home/elisa/m8p3/src/chatbot': PYTHONPATH=/home/elisa/m8p3/build/chatbot/prefix_override:/home/elisa/m8p3/install/chatbot/lib/python3.10/site-packages:${PYTHONPATH} /usr/bin/python3 setup.py egg_info --egg-base ../../build/chatbot build --build-base /home/elisa/m8p3/build/chatbot/build install --record /home/elisa/m8p3/build/chatbot/install.log --single-version-externally-managed
[0.816s] running egg_info
[0.816s] creating ../../build/chatbot/chatbot.egg-info
[0.816s] writing ../../build/chatbot/chatbot.egg-info/PKG-INFO
[0.816s] writing dependency_links to ../../build/chatbot/chatbot.egg-info/dependency_links.txt
[0.816s] writing entry points to ../../build/chatbot/chatbot.egg-info/entry_points.txt
[0.816s] writing requirements to ../../build/chatbot/chatbot.egg-info/requires.txt
[0.816s] writing top-level names to ../../build/chatbot/chatbot.egg-info/top_level.txt
[0.817s] writing manifest file '../../build/chatbot/chatbot.egg-info/SOURCES.txt'
[0.818s] reading manifest file '../../build/chatbot/chatbot.egg-info/SOURCES.txt'
[0.818s] writing manifest file '../../build/chatbot/chatbot.egg-info/SOURCES.txt'
[0.818s] running build
[0.818s] running build_py
[0.818s] creating /home/elisa/m8p3/build/chatbot/build
[0.818s] creating /home/elisa/m8p3/build/chatbot/build/lib
[0.818s] creating /home/elisa/m8p3/build/chatbot/build/lib/chatbot
[0.819s] copying chatbot/__init__.py -> /home/elisa/m8p3/build/chatbot/build/lib/chatbot
[0.819s] copying chatbot/chatbot.py -> /home/elisa/m8p3/build/chatbot/build/lib/chatbot
[0.819s] running install
[0.820s] /usr/lib/python3/dist-packages/setuptools/command/install.py:34: SetuptoolsDeprecationWarning: setup.py install is deprecated. Use build and pip and other standards-based tools.
[0.820s]   warnings.warn(
[0.820s] running install_lib
[0.821s] creating /home/elisa/m8p3/install/chatbot/lib/python3.10/site-packages/chatbot
[0.821s] copying /home/elisa/m8p3/build/chatbot/build/lib/chatbot/__init__.py -> /home/elisa/m8p3/install/chatbot/lib/python3.10/site-packages/chatbot
[0.821s] copying /home/elisa/m8p3/build/chatbot/build/lib/chatbot/chatbot.py -> /home/elisa/m8p3/install/chatbot/lib/python3.10/site-packages/chatbot
[0.822s] byte-compiling /home/elisa/m8p3/install/chatbot/lib/python3.10/site-packages/chatbot/__init__.py to __init__.cpython-310.pyc
[0.822s] byte-compiling /home/elisa/m8p3/install/chatbot/lib/python3.10/site-packages/chatbot/chatbot.py to chatbot.cpython-310.pyc
[0.822s] running install_data
[0.823s] creating /home/elisa/m8p3/install/chatbot/share/ament_index
[0.823s] creating /home/elisa/m8p3/install/chatbot/share/ament_index/resource_index
[0.823s] creating /home/elisa/m8p3/install/chatbot/share/ament_index/resource_index/packages
[0.823s] copying resource/chatbot -> /home/elisa/m8p3/install/chatbot/share/ament_index/resource_index/packages
[0.823s] copying package.xml -> /home/elisa/m8p3/install/chatbot/share/chatbot
[0.823s] running install_egg_info
[0.825s] Copying ../../build/chatbot/chatbot.egg-info to /home/elisa/m8p3/install/chatbot/lib/python3.10/site-packages/chatbot-0.0.0-py3.10.egg-info
[0.826s] running install_scripts
[0.840s] Installing chatbot script to /home/elisa/m8p3/install/chatbot/lib/chatbot
[0.840s] writing list of installed files to '/home/elisa/m8p3/build/chatbot/install.log'
[0.857s] Invoked command in '/home/elisa/m8p3/src/chatbot' returned '0': PYTHONPATH=/home/elisa/m8p3/build/chatbot/prefix_override:/home/elisa/m8p3/install/chatbot/lib/python3.10/site-packages:${PYTHONPATH} /usr/bin/python3 setup.py egg_info --egg-base ../../build/chatbot build --build-base /home/elisa/m8p3/build/chatbot/build install --record /home/elisa/m8p3/build/chatbot/install.log --single-version-externally-managed
