[0.495s] Invoking command in '/home/elisa/m8p3/src/chatbot': PYTHONPATH=/home/elisa/m8p3/build/chatbot/prefix_override:/home/elisa/m8p3/install/chatbot/lib/python3.10/site-packages:${PYTHONPATH} /usr/bin/python3 setup.py egg_info --egg-base ../../build/chatbot build --build-base /home/elisa/m8p3/build/chatbot/build install --record /home/elisa/m8p3/build/chatbot/install.log --single-version-externally-managed
[0.647s] running egg_info
[0.647s] writing ../../build/chatbot/chatbot.egg-info/PKG-INFO
[0.650s] writing dependency_links to ../../build/chatbot/chatbot.egg-info/dependency_links.txt
[0.650s] writing entry points to ../../build/chatbot/chatbot.egg-info/entry_points.txt
[0.650s] writing requirements to ../../build/chatbot/chatbot.egg-info/requires.txt
[0.650s] writing top-level names to ../../build/chatbot/chatbot.egg-info/top_level.txt
[0.651s] reading manifest file '../../build/chatbot/chatbot.egg-info/SOURCES.txt'
[0.652s] writing manifest file '../../build/chatbot/chatbot.egg-info/SOURCES.txt'
[0.652s] running build
[0.652s] running build_py
[0.652s] copying chatbot/chatbot.py -> /home/elisa/m8p3/build/chatbot/build/lib/chatbot
[0.652s] running install
[0.652s] /usr/lib/python3/dist-packages/setuptools/command/install.py:34: SetuptoolsDeprecationWarning: setup.py install is deprecated. Use build and pip and other standards-based tools.
[0.652s]   warnings.warn(
[0.653s] running install_lib
[0.653s] copying /home/elisa/m8p3/build/chatbot/build/lib/chatbot/chatbot.py -> /home/elisa/m8p3/install/chatbot/lib/python3.10/site-packages/chatbot
[0.653s] byte-compiling /home/elisa/m8p3/install/chatbot/lib/python3.10/site-packages/chatbot/chatbot.py to chatbot.cpython-310.pyc
[0.654s] running install_data
[0.655s] running install_egg_info
[0.656s] removing '/home/elisa/m8p3/install/chatbot/lib/python3.10/site-packages/chatbot-0.0.0-py3.10.egg-info' (and everything under it)
[0.656s] Copying ../../build/chatbot/chatbot.egg-info to /home/elisa/m8p3/install/chatbot/lib/python3.10/site-packages/chatbot-0.0.0-py3.10.egg-info
[0.657s] running install_scripts
[0.670s] Installing chatbot script to /home/elisa/m8p3/install/chatbot/lib/chatbot
[0.670s] writing list of installed files to '/home/elisa/m8p3/build/chatbot/install.log'
[0.687s] Invoked command in '/home/elisa/m8p3/src/chatbot' returned '0': PYTHONPATH=/home/elisa/m8p3/build/chatbot/prefix_override:/home/elisa/m8p3/install/chatbot/lib/python3.10/site-packages:${PYTHONPATH} /usr/bin/python3 setup.py egg_info --egg-base ../../build/chatbot build --build-base /home/elisa/m8p3/build/chatbot/build install --record /home/elisa/m8p3/build/chatbot/install.log --single-version-externally-managed
